<?xml version="1.0" encoding="UTF-8"?>
<!-- Generated by org.testng.reporters.JUnitReportReporter -->
<testsuite hostname="SAMPRATI" failures="0" tests="1" name="Test.Actitime_LoginDeleteTypeOfWorkLogout" time="16.996" errors="0" timestamp="2023-06-23T12:47:27 IST" skipped="0">
  <testcase classname="Test.Actitime_LoginDeleteTypeOfWorkLogout" name="loginDeleteTypeOfWorkLogoutMethod" time="16.996"/>
  <system-out/>
</testsuite> <!-- Test.Actitime_LoginDeleteTypeOfWorkLogout -->
