<?xml version="1.0" encoding="UTF-8"?>
<!-- Generated by org.testng.reporters.JUnitReportReporter -->
<testsuite hostname="SAMPRATI" failures="0" tests="1" name="Test.Actitime_LoginCreateTypeOfWorkLogout" time="20.848" errors="0" timestamp="2023-06-23T11:15:27 IST" skipped="0">
  <testcase classname="Test.Actitime_LoginCreateTypeOfWorkLogout" name="loginCreateTypeOfWorkLogoutMethod" time="20.848"/>
  <system-out/>
</testsuite> <!-- Test.Actitime_LoginCreateTypeOfWorkLogout -->
